<?xml version="1.0" encoding="UTF-8"?>
<testsuite name="FileParserTest" tests="7" skipped="0" failures="0" errors="0" timestamp="2021-08-20T09:42:25" hostname="MacBook-Pro-Retina.local" time="0.044">
  <properties/>
  <testcase name="invalidFileInput()" classname="FileParserTest" time="0.028"/>
  <testcase name="parseFileWithPlainTextOnly()" classname="FileParserTest" time="0.003"/>
  <testcase name="parseFileWithUnicodeOnly()" classname="FileParserTest" time="0.002"/>
  <testcase name="parseFileWithUnicodeAndPlainText()" classname="FileParserTest" time="0.001"/>
  <testcase name="parseEmptyFile()" classname="FileParserTest" time="0.001"/>
  <testcase name="saveContent()" classname="FileParserTest" time="0.003"/>
  <testcase name="validateSaveContent()" classname="FileParserTest" time="0.002"/>
  <system-out><![CDATA[]]></system-out>
  <system-err><![CDATA[]]></system-err>
</testsuite>
